Using pre-set license
Built from '2020.3/staging' branch; Version is '2020.3.23f1 (c5d91304a876) revision 12966163'; Using compiler version '192528614'; Build Type 'Release'
OS: 'Windows 10 Home; OS build 19044.2251; Version 2009; 64bit' Language: 'pl' Physical Memory: 16075 MB
BatchMode: 1, IsHumanControllingUs: 0, StartBugReporterOnCrash: 0, Is64bit: 1, IsPro: 0

COMMAND LINE ARGUMENTS:
C:\Program Files\Unity\Hub\Editor\2020.3.23f1\Editor\Unity.exe
-adb2
-batchMode
-noUpm
-name
AssetImportWorker0
-projectPath
C:/Suzi/Uczelnia/Programowanie gier/ProgGier3
-logFile
Logs/AssetImportWorker0.log
-srvPort
53874
Successfully changed project path to: C:/Suzi/Uczelnia/Programowanie gier/ProgGier3
C:/Suzi/Uczelnia/Programowanie gier/ProgGier3
Using Asset Import Pipeline V2.
Refreshing native plugins compatible for Editor in 61.16 ms, found 2 plugins.
Preloading 0 native plugins for Editor in 0.00 ms.
Initialize engine version: 2020.3.23f1 (c5d91304a876)
[Subsystems] Discovering subsystems at path C:/Program Files/Unity/Hub/Editor/2020.3.23f1/Editor/Data/Resources/UnitySubsystems
[Subsystems] Discovering subsystems at path C:/Suzi/Uczelnia/Programowanie gier/ProgGier3/Assets
GfxDevice: creating device client; threaded=0
Direct3D:
    Version:  Direct3D 11.0 [level 11.1]
    Renderer: Intel(R) Iris(R) Xe Graphics (ID=0x9a49)
    Vendor:   
    VRAM:     8037 MB
    Driver:   31.0.101.3959
Initialize mono
Mono path[0] = 'C:/Program Files/Unity/Hub/Editor/2020.3.23f1/Editor/Data/Managed'
Mono path[1] = 'C:/Program Files/Unity/Hub/Editor/2020.3.23f1/Editor/Data/MonoBleedingEdge/lib/mono/unityjit'
Mono config path = 'C:/Program Files/Unity/Hub/Editor/2020.3.23f1/Editor/Data/MonoBleedingEdge/etc'
Using monoOptions --debugger-agent=transport=dt_socket,embedding=1,server=y,suspend=n,address=127.0.0.1:56584
Begin MonoManager ReloadAssembly
Registering precompiled unity dll's ...
Register platform support module: C:/Program Files/Unity/Hub/Editor/2020.3.23f1/Editor/Data/PlaybackEngines/WindowsStandaloneSupport/UnityEditor.WindowsStandalone.Extensions.dll
Registered in 0.003091 seconds.
Native extension for WindowsStandalone target not found
Refreshing native plugins compatible for Editor in 60.19 ms, found 2 plugins.
Preloading 0 native plugins for Editor in 0.00 ms.
Mono: successfully reloaded assembly
- Completed reload, in  0.809 seconds
Domain Reload Profiling:
	ReloadAssembly (809ms)
		BeginReloadAssembly (57ms)
			ExecutionOrderSort (0ms)
			DisableScriptedObjects (0ms)
			BackupInstance (0ms)
			ReleaseScriptingObjects (0ms)
			CreateAndSetChildDomain (1ms)
		EndReloadAssembly (647ms)
			LoadAssemblies (55ms)
			RebuildTransferFunctionScriptingTraits (0ms)
			SetupTypeCache (244ms)
			ReleaseScriptCaches (0ms)
			RebuildScriptCaches (41ms)
			SetupLoadedEditorAssemblies (213ms)
				LogAssemblyErrors (0ms)
				InitializePlatformSupportModulesInManaged (4ms)
				SetLoadedEditorAssemblies (0ms)
				RefreshPlugins (60ms)
				BeforeProcessingInitializeOnLoad (9ms)
				ProcessInitializeOnLoadAttributes (106ms)
				ProcessInitializeOnLoadMethodAttributes (33ms)
				AfterProcessingInitializeOnLoad (0ms)
				EditorAssembliesLoaded (0ms)
			ExecutionOrderSort2 (0ms)
			AwakeInstancesAfterBackupRestoration (0ms)
Platform modules already initialized, skipping
Registering precompiled user dll's ...
Registered in 0.003809 seconds.
Begin MonoManager ReloadAssembly
Native extension for WindowsStandalone target not found
Refreshing native plugins compatible for Editor in 0.47 ms, found 2 plugins.
Preloading 0 native plugins for Editor in 0.00 ms.
Mono: successfully reloaded assembly
- Completed reload, in  1.239 seconds
Domain Reload Profiling:
	ReloadAssembly (1240ms)
		BeginReloadAssembly (179ms)
			ExecutionOrderSort (0ms)
			DisableScriptedObjects (6ms)
			BackupInstance (0ms)
			ReleaseScriptingObjects (0ms)
			CreateAndSetChildDomain (22ms)
		EndReloadAssembly (983ms)
			LoadAssemblies (106ms)
			RebuildTransferFunctionScriptingTraits (0ms)
			SetupTypeCache (349ms)
			ReleaseScriptCaches (1ms)
			RebuildScriptCaches (57ms)
			SetupLoadedEditorAssemblies (373ms)
				LogAssemblyErrors (0ms)
				InitializePlatformSupportModulesInManaged (6ms)
				SetLoadedEditorAssemblies (1ms)
				RefreshPlugins (1ms)
				BeforeProcessingInitializeOnLoad (86ms)
				ProcessInitializeOnLoadAttributes (254ms)
				ProcessInitializeOnLoadMethodAttributes (15ms)
				AfterProcessingInitializeOnLoad (10ms)
				EditorAssembliesLoaded (0ms)
			ExecutionOrderSort2 (0ms)
			AwakeInstancesAfterBackupRestoration (10ms)
Platform modules already initialized, skipping
========================================================================
Worker process is ready to serve import requests
Launched and connected shader compiler UnityShaderCompiler.exe after 0.04 seconds
Refreshing native plugins compatible for Editor in 0.58 ms, found 2 plugins.
Preloading 0 native plugins for Editor in 0.00 ms.
Unloading 1522 Unused Serialized files (Serialized files now loaded: 0)
System memory in use before: 72.0 MB.
System memory in use after: 72.1 MB.

Unloading 19 unused Assets to reduce memory usage. Loaded Objects now: 1958.
Total: 3.944100 ms (FindLiveObjects: 0.256800 ms CreateObjectMapping: 0.071600 ms MarkObjects: 3.505900 ms  DeleteObjects: 0.108000 ms)

AssetImportParameters requested are different than current active one (requested -> active):
  custom:framework-win-MediaFoundation: 216162199b28c13a410421893ffa2e32 -> 
  custom:video-decoder-ogg-theora: a1e56fd34408186e4bbccfd4996cb3dc -> 
  custom:container-muxer-webm: aa71ff27fc2769a1b78a27578f13a17b -> 
  custom:container-demuxer-webm: 4f35f7cbe854078d1ac9338744f61a02 -> 
  custom:container-demuxer-ogg: 62fdf1f143b41e24485cea50d1cbac27 -> 
  custom:video-encoder-webm-vp8: eb34c28f22e8b96e1ab97ce403110664 -> 
  custom:video-decoder-webm-vp8: 9c59270c3fd7afecdb556c50c9e8de78 -> 
  custom:audio-decoder-ogg-vorbis: bf7c407c2cedff20999df2af8eb42d56 -> 
  custom:audio-encoder-webm-vorbis: bf7c407c2cedff20999df2af8eb42d56 -> 
========================================================================
Received Import Request.
  path: Assets/ImagesUI/Asset 3@3x.png
  artifactKey: Guid(4338c545deec9084694c57b0cc39cf70) Importer(815301076,1909f56bfc062723c751e8b465ee728b)
Start importing Assets/ImagesUI/Asset 3@3x.png using Guid(4338c545deec9084694c57b0cc39cf70) Importer(815301076,1909f56bfc062723c751e8b465ee728b)  -> (artifact id: 'bb2f85f3b7843b51f6e207acff5a71c0') in 0.069210 seconds 
  Import took 0.073858 seconds .

========================================================================
Received Import Request.
  Time since last request: 0.000260 seconds.
  path: Assets/ImagesUI/Asset 2@3x.png
  artifactKey: Guid(be89ea03bd46fbd4c98f29d7d605311a) Importer(815301076,1909f56bfc062723c751e8b465ee728b)
Start importing Assets/ImagesUI/Asset 2@3x.png using Guid(be89ea03bd46fbd4c98f29d7d605311a) Importer(815301076,1909f56bfc062723c751e8b465ee728b)  -> (artifact id: '6909c2c6142aa54d6863541d32b2c3e6') in 0.014740 seconds 
  Import took 0.019549 seconds .

========================================================================
Received Import Request.
  Time since last request: 5.632012 seconds.
  path: Assets/ImagesUI/Asset 2@3x.png
  artifactKey: Guid(be89ea03bd46fbd4c98f29d7d605311a) Importer(815301076,1909f56bfc062723c751e8b465ee728b)
Start importing Assets/ImagesUI/Asset 2@3x.png using Guid(be89ea03bd46fbd4c98f29d7d605311a) Importer(815301076,1909f56bfc062723c751e8b465ee728b)  -> (artifact id: 'dee15878f12d87f057ed4a066c39e497') in 0.046536 seconds 
  Import took 0.050569 seconds .

========================================================================
Received Import Request.
  Time since last request: 0.000329 seconds.
  path: Assets/ImagesUI/Asset 3@3x.png
  artifactKey: Guid(4338c545deec9084694c57b0cc39cf70) Importer(815301076,1909f56bfc062723c751e8b465ee728b)
Start importing Assets/ImagesUI/Asset 3@3x.png using Guid(4338c545deec9084694c57b0cc39cf70) Importer(815301076,1909f56bfc062723c751e8b465ee728b)  -> (artifact id: '809f9bc76c9423e3f91acb8e08f5e69b') in 0.020664 seconds 
  Import took 0.025458 seconds .

========================================================================
Received Import Request.
  Time since last request: 130.920792 seconds.
  path: Assets/ImagesUI/Asset 4@3x.png
  artifactKey: Guid(246a28f4d42d96540963021796d8cc26) Importer(815301076,1909f56bfc062723c751e8b465ee728b)
Start importing Assets/ImagesUI/Asset 4@3x.png using Guid(246a28f4d42d96540963021796d8cc26) Importer(815301076,1909f56bfc062723c751e8b465ee728b)  -> (artifact id: '5ff71616629f83570a3c582da2c883c2') in 0.009765 seconds 
  Import took 0.014213 seconds .

========================================================================
Received Import Request.
  Time since last request: 5.025508 seconds.
  path: Assets/ImagesUI/Asset 4@3x.png
  artifactKey: Guid(246a28f4d42d96540963021796d8cc26) Importer(815301076,1909f56bfc062723c751e8b465ee728b)
Start importing Assets/ImagesUI/Asset 4@3x.png using Guid(246a28f4d42d96540963021796d8cc26) Importer(815301076,1909f56bfc062723c751e8b465ee728b)  -> (artifact id: '7117c885872cb7aec09571744bea05e8') in 0.013137 seconds 
  Import took 0.016922 seconds .

========================================================================
Received Import Request.
  Time since last request: 80.069472 seconds.
  path: Assets/ImagesUI/Asset 5@3x.png
  artifactKey: Guid(a58ac4da9086de940a7131dffe378dd1) Importer(815301076,1909f56bfc062723c751e8b465ee728b)
Start importing Assets/ImagesUI/Asset 5@3x.png using Guid(a58ac4da9086de940a7131dffe378dd1) Importer(815301076,1909f56bfc062723c751e8b465ee728b)  -> (artifact id: '90580fb537e75b65b6a1f5b57c4fbbcd') in 0.012613 seconds 
  Import took 0.016431 seconds .

========================================================================
Received Import Request.
  Time since last request: 4.742376 seconds.
  path: Assets/ImagesUI/Asset 5@3x.png
  artifactKey: Guid(a58ac4da9086de940a7131dffe378dd1) Importer(815301076,1909f56bfc062723c751e8b465ee728b)
Start importing Assets/ImagesUI/Asset 5@3x.png using Guid(a58ac4da9086de940a7131dffe378dd1) Importer(815301076,1909f56bfc062723c751e8b465ee728b)  -> (artifact id: 'b80d0cf810f8a562e2c6d4efbedac68e') in 0.014334 seconds 
  Import took 0.018449 seconds .

AssetImportWorkerClient::OnTransportError - code=2 error=End of file
