Using pre-set license
Built from '2020.3/staging' branch; Version is '2020.3.23f1 (c5d91304a876) revision 12966163'; Using compiler version '192528614'; Build Type 'Release'
OS: 'Windows 10 Home; OS build 19044.2251; Version 2009; 64bit' Language: 'pl' Physical Memory: 16075 MB
BatchMode: 1, IsHumanControllingUs: 0, StartBugReporterOnCrash: 0, Is64bit: 1, IsPro: 0

COMMAND LINE ARGUMENTS:
C:\Program Files\Unity\Hub\Editor\2020.3.23f1\Editor\Unity.exe
-adb2
-batchMode
-noUpm
-name
AssetImportWorker0
-projectPath
C:/Suzi/Uczelnia/Programowanie gier/ProgGier3
-logFile
Logs/AssetImportWorker0.log
-srvPort
55472
Successfully changed project path to: C:/Suzi/Uczelnia/Programowanie gier/ProgGier3
C:/Suzi/Uczelnia/Programowanie gier/ProgGier3
Using Asset Import Pipeline V2.
Refreshing native plugins compatible for Editor in 42.31 ms, found 2 plugins.
Preloading 0 native plugins for Editor in 0.00 ms.
Initialize engine version: 2020.3.23f1 (c5d91304a876)
[Subsystems] Discovering subsystems at path C:/Program Files/Unity/Hub/Editor/2020.3.23f1/Editor/Data/Resources/UnitySubsystems
[Subsystems] Discovering subsystems at path C:/Suzi/Uczelnia/Programowanie gier/ProgGier3/Assets
GfxDevice: creating device client; threaded=0
Direct3D:
    Version:  Direct3D 11.0 [level 11.1]
    Renderer: Intel(R) Iris(R) Xe Graphics (ID=0x9a49)
    Vendor:   
    VRAM:     8037 MB
    Driver:   30.0.101.1404
Initialize mono
Mono path[0] = 'C:/Program Files/Unity/Hub/Editor/2020.3.23f1/Editor/Data/Managed'
Mono path[1] = 'C:/Program Files/Unity/Hub/Editor/2020.3.23f1/Editor/Data/MonoBleedingEdge/lib/mono/unityjit'
Mono config path = 'C:/Program Files/Unity/Hub/Editor/2020.3.23f1/Editor/Data/MonoBleedingEdge/etc'
Using monoOptions --debugger-agent=transport=dt_socket,embedding=1,server=y,suspend=n,address=127.0.0.1:56896
Begin MonoManager ReloadAssembly
Registering precompiled unity dll's ...
Register platform support module: C:/Program Files/Unity/Hub/Editor/2020.3.23f1/Editor/Data/PlaybackEngines/WindowsStandaloneSupport/UnityEditor.WindowsStandalone.Extensions.dll
Registered in 0.255476 seconds.
Native extension for WindowsStandalone target not found
Refreshing native plugins compatible for Editor in 46.83 ms, found 2 plugins.
Preloading 0 native plugins for Editor in 0.00 ms.
Mono: successfully reloaded assembly
- Completed reload, in  5.431 seconds
Domain Reload Profiling:
	ReloadAssembly (5431ms)
		BeginReloadAssembly (3871ms)
			ExecutionOrderSort (0ms)
			DisableScriptedObjects (0ms)
			BackupInstance (0ms)
			ReleaseScriptingObjects (0ms)
			CreateAndSetChildDomain (1ms)
		EndReloadAssembly (1065ms)
			LoadAssemblies (3867ms)
			RebuildTransferFunctionScriptingTraits (0ms)
			SetupTypeCache (678ms)
			ReleaseScriptCaches (0ms)
			RebuildScriptCaches (47ms)
			SetupLoadedEditorAssemblies (191ms)
				LogAssemblyErrors (0ms)
				InitializePlatformSupportModulesInManaged (9ms)
				SetLoadedEditorAssemblies (1ms)
				RefreshPlugins (47ms)
				BeforeProcessingInitializeOnLoad (8ms)
				ProcessInitializeOnLoadAttributes (91ms)
				ProcessInitializeOnLoadMethodAttributes (35ms)
				AfterProcessingInitializeOnLoad (0ms)
				EditorAssembliesLoaded (0ms)
			ExecutionOrderSort2 (0ms)
			AwakeInstancesAfterBackupRestoration (0ms)
Platform modules already initialized, skipping
Registering precompiled user dll's ...
Registered in 0.928372 seconds.
Begin MonoManager ReloadAssembly
Native extension for WindowsStandalone target not found
Refreshing native plugins compatible for Editor in 0.39 ms, found 2 plugins.
Preloading 0 native plugins for Editor in 0.00 ms.
Mono: successfully reloaded assembly
- Completed reload, in  5.704 seconds
Domain Reload Profiling:
	ReloadAssembly (5712ms)
		BeginReloadAssembly (171ms)
			ExecutionOrderSort (0ms)
			DisableScriptedObjects (7ms)
			BackupInstance (0ms)
			ReleaseScriptingObjects (0ms)
			CreateAndSetChildDomain (24ms)
		EndReloadAssembly (5447ms)
			LoadAssemblies (2123ms)
			RebuildTransferFunctionScriptingTraits (0ms)
			SetupTypeCache (1378ms)
			ReleaseScriptCaches (1ms)
			RebuildScriptCaches (58ms)
			SetupLoadedEditorAssemblies (1710ms)
				LogAssemblyErrors (0ms)
				InitializePlatformSupportModulesInManaged (7ms)
				SetLoadedEditorAssemblies (1ms)
				RefreshPlugins (0ms)
				BeforeProcessingInitializeOnLoad (75ms)
				ProcessInitializeOnLoadAttributes (602ms)
				ProcessInitializeOnLoadMethodAttributes (1014ms)
				AfterProcessingInitializeOnLoad (10ms)
				EditorAssembliesLoaded (0ms)
			ExecutionOrderSort2 (0ms)
			AwakeInstancesAfterBackupRestoration (10ms)
Platform modules already initialized, skipping
========================================================================
Worker process is ready to serve import requests
Launched and connected shader compiler UnityShaderCompiler.exe after 0.09 seconds
Refreshing native plugins compatible for Editor in 0.36 ms, found 2 plugins.
Preloading 0 native plugins for Editor in 0.00 ms.
Unloading 1522 Unused Serialized files (Serialized files now loaded: 0)
System memory in use before: 72.0 MB.
System memory in use after: 72.1 MB.

Unloading 19 unused Assets to reduce memory usage. Loaded Objects now: 1958.
Total: 2.960500 ms (FindLiveObjects: 0.114700 ms CreateObjectMapping: 0.034000 ms MarkObjects: 2.734000 ms  DeleteObjects: 0.077000 ms)

AssetImportParameters requested are different than current active one (requested -> active):
  custom:framework-win-MediaFoundation: 216162199b28c13a410421893ffa2e32 -> 
  custom:video-decoder-ogg-theora: a1e56fd34408186e4bbccfd4996cb3dc -> 
  custom:container-muxer-webm: aa71ff27fc2769a1b78a27578f13a17b -> 
  custom:container-demuxer-webm: 4f35f7cbe854078d1ac9338744f61a02 -> 
  custom:container-demuxer-ogg: 62fdf1f143b41e24485cea50d1cbac27 -> 
  custom:video-encoder-webm-vp8: eb34c28f22e8b96e1ab97ce403110664 -> 
  custom:video-decoder-webm-vp8: 9c59270c3fd7afecdb556c50c9e8de78 -> 
  custom:audio-decoder-ogg-vorbis: bf7c407c2cedff20999df2af8eb42d56 -> 
  custom:audio-encoder-webm-vorbis: bf7c407c2cedff20999df2af8eb42d56 -> 
========================================================================
Received Import Request.
  path: Assets/ImagesUI/3x
  artifactKey: Guid(597ef143add057345af22c2332a834e4) Importer(815301076,1909f56bfc062723c751e8b465ee728b)
Start importing Assets/ImagesUI/3x using Guid(597ef143add057345af22c2332a834e4) Importer(815301076,1909f56bfc062723c751e8b465ee728b)  -> (artifact id: 'b6bea958df3fd0ca44ed4d50bc45b690') in 0.013938 seconds 
  Import took 0.019626 seconds .

========================================================================
Received Import Request.
  Time since last request: 0.000378 seconds.
  path: Assets/ImagesUI/3x/Asset 1@3x.png
  artifactKey: Guid(52cb15144d3e1b244b6ed43fc5ec63d8) Importer(815301076,1909f56bfc062723c751e8b465ee728b)
Start importing Assets/ImagesUI/3x/Asset 1@3x.png using Guid(52cb15144d3e1b244b6ed43fc5ec63d8) Importer(815301076,1909f56bfc062723c751e8b465ee728b)  -> (artifact id: '0a7ee3f87a7f434c4fa467d0e35d052f') in 0.120296 seconds 
  Import took 0.125160 seconds .

========================================================================
Received Import Request.
  Time since last request: 0.000485 seconds.
  path: Assets/ImagesUI/right-arm-2.png
  artifactKey: Guid(743bb3f39292de14c9cf8dded94dfd31) Importer(815301076,1909f56bfc062723c751e8b465ee728b)
Start importing Assets/ImagesUI/right-arm-2.png using Guid(743bb3f39292de14c9cf8dded94dfd31) Importer(815301076,1909f56bfc062723c751e8b465ee728b)  -> (artifact id: '0a57a979004dcf022c65fef0d852c706') in 0.016377 seconds 
  Import took 0.019751 seconds .

========================================================================
Received Import Request.
  Time since last request: 13.860728 seconds.
  path: Assets/ImagesUI/right-arm-2.png
  artifactKey: Guid(743bb3f39292de14c9cf8dded94dfd31) Importer(815301076,1909f56bfc062723c751e8b465ee728b)
Start importing Assets/ImagesUI/right-arm-2.png using Guid(743bb3f39292de14c9cf8dded94dfd31) Importer(815301076,1909f56bfc062723c751e8b465ee728b)  -> (artifact id: 'efac0191cf10a61185fc03e0a5e7d09e') in 0.054000 seconds 
  Import took 0.058087 seconds .

========================================================================
Received Import Request.
  Time since last request: 31.151639 seconds.
  path: Assets/ImagesUI/3x/Asset 1@3x.png
  artifactKey: Guid(52cb15144d3e1b244b6ed43fc5ec63d8) Importer(815301076,1909f56bfc062723c751e8b465ee728b)
Start importing Assets/ImagesUI/3x/Asset 1@3x.png using Guid(52cb15144d3e1b244b6ed43fc5ec63d8) Importer(815301076,1909f56bfc062723c751e8b465ee728b)  -> (artifact id: '8b4bb3fad43f2c5b9d03e458fe52e7be') in 0.023321 seconds 
  Import took 0.026821 seconds .

========================================================================
Received Import Request.
  Time since last request: 127.263610 seconds.
  path: Assets/ImagesUI/Asset 1@3x.png
  artifactKey: Guid(94e0cd20d3e6bd2408513471b72f51bf) Importer(815301076,1909f56bfc062723c751e8b465ee728b)
Start importing Assets/ImagesUI/Asset 1@3x.png using Guid(94e0cd20d3e6bd2408513471b72f51bf) Importer(815301076,1909f56bfc062723c751e8b465ee728b)  -> (artifact id: 'f68073cde6c1336aab606ab525f44bb7') in 0.017000 seconds 
  Import took 0.022358 seconds .

========================================================================
Received Import Request.
  Time since last request: 0.000506 seconds.
  path: Assets/ImagesUI/right-arm-2.png
  artifactKey: Guid(743bb3f39292de14c9cf8dded94dfd31) Importer(815301076,1909f56bfc062723c751e8b465ee728b)
Start importing Assets/ImagesUI/right-arm-2.png using Guid(743bb3f39292de14c9cf8dded94dfd31) Importer(815301076,1909f56bfc062723c751e8b465ee728b)  -> (artifact id: 'a6a26b8bec7fa151bf9c2d10885cbd49') in 0.018947 seconds 
  Import took 0.022523 seconds .

========================================================================
Received Import Request.
  Time since last request: 8.869083 seconds.
  path: Assets/ImagesUI/Asset 1@3x.png
  artifactKey: Guid(94e0cd20d3e6bd2408513471b72f51bf) Importer(815301076,1909f56bfc062723c751e8b465ee728b)
Start importing Assets/ImagesUI/Asset 1@3x.png using Guid(94e0cd20d3e6bd2408513471b72f51bf) Importer(815301076,1909f56bfc062723c751e8b465ee728b)  -> (artifact id: '1e8b8a214e37d4bc58a1357c9179c5b2') in 0.020085 seconds 
  Import took 0.023082 seconds .

AssetImportWorkerClient::OnTransportError - code=2 error=End of file
